<?xml version="1.0" encoding="UTF-8"?>
<robot generator="Robot 4.1.3 (Python 3.10.2 on win32)" generated="20220317 16:59:16.343" rpa="false" schemaversion="2">
<suite id="s1" name="Verify Invalidcredential Suite" source="C:\Users\DELL1\Desktop\LTTS\robot\robot_framework\login_suite\verify_invalidcredential_suite.robot">
<test id="s1-t1" name="TC1">
<kw name="Launch Browser and navigate to url" library="CommonFunctionality" type="SETUP">
<kw name="Open Browser" library="SeleniumLibrary">
<arg>browser=chrome</arg>
<arg>executable_path=${EXECDIR}${/}driver${/}chromedriver.exe</arg>
<doc>Opens a new browser instance to the optional ``url``.</doc>
<msg timestamp="20220317 16:59:16.806" level="INFO">Opening browser 'chrome' to base url 'None'.</msg>
<status status="PASS" starttime="20220317 16:59:16.806" endtime="20220317 16:59:22.687"/>
</kw>
<kw name="Maximize Browser Window" library="SeleniumLibrary">
<doc>Maximizes current browser window.</doc>
<status status="PASS" starttime="20220317 16:59:22.687" endtime="20220317 16:59:22.844"/>
</kw>
<kw name="Set Selenium Implicit Wait" library="SeleniumLibrary">
<arg>30s</arg>
<doc>Sets the implicit wait value used by Selenium.</doc>
<status status="PASS" starttime="20220317 16:59:22.845" endtime="20220317 16:59:22.847"/>
</kw>
<kw name="Go To" library="SeleniumLibrary">
<arg>url=${url}</arg>
<doc>Navigates the current browser window to the provided ``url``.</doc>
<msg timestamp="20220317 16:59:22.849" level="INFO">Opening url 'https://opensource-demo.orangehrmlive.com/'</msg>
<status status="PASS" starttime="20220317 16:59:22.848" endtime="20220317 16:59:28.617"/>
</kw>
<status status="PASS" starttime="20220317 16:59:16.805" endtime="20220317 16:59:28.617"/>
</kw>
<kw name="Verify Invalid Credential Template">
<arg>john</arg>
<arg>john123</arg>
<arg>Invalid credentials</arg>
<kw name="Input Text" library="SeleniumLibrary">
<arg>id=txtUsername</arg>
<arg>${username}</arg>
<doc>Types the given ``text`` into the text field identified by ``locator``.</doc>
<msg timestamp="20220317 16:59:28.621" level="INFO">Typing text 'john' into text field 'id=txtUsername'.</msg>
<status status="PASS" starttime="20220317 16:59:28.620" endtime="20220317 16:59:28.781"/>
</kw>
<kw name="Input Password" library="SeleniumLibrary">
<arg>id=txtPassword</arg>
<arg>${password}</arg>
<doc>Types the given password into the text field identified by ``locator``.</doc>
<msg timestamp="20220317 16:59:28.782" level="INFO">Typing password into text field 'id=txtPassword'.</msg>
<msg timestamp="20220317 16:59:28.835" level="INFO">Temporally setting log level to: NONE</msg>
<msg timestamp="20220317 16:59:28.892" level="INFO">Log level changed from NONE to INFO.</msg>
<status status="PASS" starttime="20220317 16:59:28.781" endtime="20220317 16:59:28.892"/>
</kw>
<kw name="Click Element" library="SeleniumLibrary">
<arg>id=btnLogin</arg>
<doc>Click the element identified by ``locator``.</doc>
<msg timestamp="20220317 16:59:28.892" level="INFO">Clicking element 'id=btnLogin'.</msg>
<status status="PASS" starttime="20220317 16:59:28.892" endtime="20220317 16:59:30.615"/>
</kw>
<kw name="Element Text Should Be" library="SeleniumLibrary">
<arg>id=spanMessage</arg>
<arg>${expected_error}</arg>
<doc>Verifies that element ``locator`` contains exact the text ``expected``.</doc>
<msg timestamp="20220317 16:59:30.615" level="INFO">Verifying element 'id=spanMessage' contains exact text 'Invalid credentials'.</msg>
<status status="PASS" starttime="20220317 16:59:30.615" endtime="20220317 16:59:30.656"/>
</kw>
<status status="PASS" starttime="20220317 16:59:28.618" endtime="20220317 16:59:30.656"/>
</kw>
<kw name="Close Browser" library="SeleniumLibrary" type="TEARDOWN">
<doc>Closes the current browser.</doc>
<status status="PASS" starttime="20220317 16:59:30.657" endtime="20220317 16:59:32.849"/>
</kw>
<status status="PASS" starttime="20220317 16:59:16.804" endtime="20220317 16:59:32.850"/>
</test>
<test id="s1-t2" name="TC2">
<kw name="Launch Browser and navigate to url" library="CommonFunctionality" type="SETUP">
<kw name="Open Browser" library="SeleniumLibrary">
<arg>browser=chrome</arg>
<arg>executable_path=${EXECDIR}${/}driver${/}chromedriver.exe</arg>
<doc>Opens a new browser instance to the optional ``url``.</doc>
<msg timestamp="20220317 16:59:32.854" level="INFO">Opening browser 'chrome' to base url 'None'.</msg>
<status status="PASS" starttime="20220317 16:59:32.853" endtime="20220317 16:59:34.269"/>
</kw>
<kw name="Maximize Browser Window" library="SeleniumLibrary">
<doc>Maximizes current browser window.</doc>
<status status="PASS" starttime="20220317 16:59:34.270" endtime="20220317 16:59:34.387"/>
</kw>
<kw name="Set Selenium Implicit Wait" library="SeleniumLibrary">
<arg>30s</arg>
<doc>Sets the implicit wait value used by Selenium.</doc>
<status status="PASS" starttime="20220317 16:59:34.388" endtime="20220317 16:59:34.390"/>
</kw>
<kw name="Go To" library="SeleniumLibrary">
<arg>url=${url}</arg>
<doc>Navigates the current browser window to the provided ``url``.</doc>
<msg timestamp="20220317 16:59:34.391" level="INFO">Opening url 'https://opensource-demo.orangehrmlive.com/'</msg>
<status status="PASS" starttime="20220317 16:59:34.390" endtime="20220317 16:59:40.606"/>
</kw>
<status status="PASS" starttime="20220317 16:59:32.853" endtime="20220317 16:59:40.606"/>
</kw>
<kw name="Verify Invalid Credential Template">
<arg>peter</arg>
<arg>peter123</arg>
<arg>Invalid credentials</arg>
<kw name="Input Text" library="SeleniumLibrary">
<arg>id=txtUsername</arg>
<arg>${username}</arg>
<doc>Types the given ``text`` into the text field identified by ``locator``.</doc>
<msg timestamp="20220317 16:59:40.609" level="INFO">Typing text 'peter' into text field 'id=txtUsername'.</msg>
<status status="PASS" starttime="20220317 16:59:40.608" endtime="20220317 16:59:40.740"/>
</kw>
<kw name="Input Password" library="SeleniumLibrary">
<arg>id=txtPassword</arg>
<arg>${password}</arg>
<doc>Types the given password into the text field identified by ``locator``.</doc>
<msg timestamp="20220317 16:59:40.741" level="INFO">Typing password into text field 'id=txtPassword'.</msg>
<msg timestamp="20220317 16:59:40.807" level="INFO">Temporally setting log level to: NONE</msg>
<msg timestamp="20220317 16:59:40.868" level="INFO">Log level changed from NONE to INFO.</msg>
<status status="PASS" starttime="20220317 16:59:40.740" endtime="20220317 16:59:40.868"/>
</kw>
<kw name="Click Element" library="SeleniumLibrary">
<arg>id=btnLogin</arg>
<doc>Click the element identified by ``locator``.</doc>
<msg timestamp="20220317 16:59:40.869" level="INFO">Clicking element 'id=btnLogin'.</msg>
<status status="PASS" starttime="20220317 16:59:40.869" endtime="20220317 16:59:42.610"/>
</kw>
<kw name="Element Text Should Be" library="SeleniumLibrary">
<arg>id=spanMessage</arg>
<arg>${expected_error}</arg>
<doc>Verifies that element ``locator`` contains exact the text ``expected``.</doc>
<msg timestamp="20220317 16:59:42.611" level="INFO">Verifying element 'id=spanMessage' contains exact text 'Invalid credentials'.</msg>
<status status="PASS" starttime="20220317 16:59:42.611" endtime="20220317 16:59:42.652"/>
</kw>
<status status="PASS" starttime="20220317 16:59:40.607" endtime="20220317 16:59:42.652"/>
</kw>
<kw name="Close Browser" library="SeleniumLibrary" type="TEARDOWN">
<doc>Closes the current browser.</doc>
<status status="PASS" starttime="20220317 16:59:42.653" endtime="20220317 16:59:44.812"/>
</kw>
<status status="PASS" starttime="20220317 16:59:32.852" endtime="20220317 16:59:44.812"/>
</test>
<test id="s1-t3" name="TC3">
<kw name="Launch Browser and navigate to url" library="CommonFunctionality" type="SETUP">
<kw name="Open Browser" library="SeleniumLibrary">
<arg>browser=chrome</arg>
<arg>executable_path=${EXECDIR}${/}driver${/}chromedriver.exe</arg>
<doc>Opens a new browser instance to the optional ``url``.</doc>
<msg timestamp="20220317 16:59:44.816" level="INFO">Opening browser 'chrome' to base url 'None'.</msg>
<status status="PASS" starttime="20220317 16:59:44.815" endtime="20220317 16:59:49.682"/>
</kw>
<kw name="Maximize Browser Window" library="SeleniumLibrary">
<doc>Maximizes current browser window.</doc>
<status status="PASS" starttime="20220317 16:59:49.682" endtime="20220317 16:59:49.796"/>
</kw>
<kw name="Set Selenium Implicit Wait" library="SeleniumLibrary">
<arg>30s</arg>
<doc>Sets the implicit wait value used by Selenium.</doc>
<status status="PASS" starttime="20220317 16:59:49.796" endtime="20220317 16:59:49.798"/>
</kw>
<kw name="Go To" library="SeleniumLibrary">
<arg>url=${url}</arg>
<doc>Navigates the current browser window to the provided ``url``.</doc>
<msg timestamp="20220317 16:59:49.799" level="INFO">Opening url 'https://opensource-demo.orangehrmlive.com/'</msg>
<status status="PASS" starttime="20220317 16:59:49.798" endtime="20220317 16:59:54.090"/>
</kw>
<status status="PASS" starttime="20220317 16:59:44.815" endtime="20220317 16:59:54.091"/>
</kw>
<kw name="Verify Invalid Credential Template">
<arg>${EMPTY}</arg>
<arg>admin123</arg>
<arg>Username cannot be empty</arg>
<kw name="Input Text" library="SeleniumLibrary">
<arg>id=txtUsername</arg>
<arg>${username}</arg>
<doc>Types the given ``text`` into the text field identified by ``locator``.</doc>
<msg timestamp="20220317 16:59:54.095" level="INFO">Typing text '' into text field 'id=txtUsername'.</msg>
<status status="PASS" starttime="20220317 16:59:54.094" endtime="20220317 16:59:54.206"/>
</kw>
<kw name="Input Password" library="SeleniumLibrary">
<arg>id=txtPassword</arg>
<arg>${password}</arg>
<doc>Types the given password into the text field identified by ``locator``.</doc>
<msg timestamp="20220317 16:59:54.207" level="INFO">Typing password into text field 'id=txtPassword'.</msg>
<msg timestamp="20220317 16:59:54.262" level="INFO">Temporally setting log level to: NONE</msg>
<msg timestamp="20220317 16:59:54.326" level="INFO">Log level changed from NONE to INFO.</msg>
<status status="PASS" starttime="20220317 16:59:54.206" endtime="20220317 16:59:54.326"/>
</kw>
<kw name="Click Element" library="SeleniumLibrary">
<arg>id=btnLogin</arg>
<doc>Click the element identified by ``locator``.</doc>
<msg timestamp="20220317 16:59:54.327" level="INFO">Clicking element 'id=btnLogin'.</msg>
<status status="PASS" starttime="20220317 16:59:54.327" endtime="20220317 16:59:54.398"/>
</kw>
<kw name="Element Text Should Be" library="SeleniumLibrary">
<arg>id=spanMessage</arg>
<arg>${expected_error}</arg>
<doc>Verifies that element ``locator`` contains exact the text ``expected``.</doc>
<msg timestamp="20220317 16:59:54.400" level="INFO">Verifying element 'id=spanMessage' contains exact text 'Username cannot be empty'.</msg>
<status status="PASS" starttime="20220317 16:59:54.399" endtime="20220317 16:59:54.436"/>
</kw>
<status status="PASS" starttime="20220317 16:59:54.091" endtime="20220317 16:59:54.436"/>
</kw>
<kw name="Close Browser" library="SeleniumLibrary" type="TEARDOWN">
<doc>Closes the current browser.</doc>
<status status="PASS" starttime="20220317 16:59:54.437" endtime="20220317 16:59:56.644"/>
</kw>
<status status="PASS" starttime="20220317 16:59:44.814" endtime="20220317 16:59:56.645"/>
</test>
<test id="s1-t4" name="TC4">
<kw name="Launch Browser and navigate to url" library="CommonFunctionality" type="SETUP">
<kw name="Open Browser" library="SeleniumLibrary">
<arg>browser=chrome</arg>
<arg>executable_path=${EXECDIR}${/}driver${/}chromedriver.exe</arg>
<doc>Opens a new browser instance to the optional ``url``.</doc>
<msg timestamp="20220317 16:59:56.648" level="INFO">Opening browser 'chrome' to base url 'None'.</msg>
<status status="PASS" starttime="20220317 16:59:56.647" endtime="20220317 16:59:58.185"/>
</kw>
<kw name="Maximize Browser Window" library="SeleniumLibrary">
<doc>Maximizes current browser window.</doc>
<status status="PASS" starttime="20220317 16:59:58.185" endtime="20220317 16:59:58.300"/>
</kw>
<kw name="Set Selenium Implicit Wait" library="SeleniumLibrary">
<arg>30s</arg>
<doc>Sets the implicit wait value used by Selenium.</doc>
<status status="PASS" starttime="20220317 16:59:58.300" endtime="20220317 16:59:58.302"/>
</kw>
<kw name="Go To" library="SeleniumLibrary">
<arg>url=${url}</arg>
<doc>Navigates the current browser window to the provided ``url``.</doc>
<msg timestamp="20220317 16:59:58.303" level="INFO">Opening url 'https://opensource-demo.orangehrmlive.com/'</msg>
<status status="PASS" starttime="20220317 16:59:58.302" endtime="20220317 17:00:04.072"/>
</kw>
<status status="PASS" starttime="20220317 16:59:56.647" endtime="20220317 17:00:04.073"/>
</kw>
<kw name="Verify Invalid Credential Template">
<arg>varsha</arg>
<arg>${EMPTY}</arg>
<arg>Password cannot be empty</arg>
<kw name="Input Text" library="SeleniumLibrary">
<arg>id=txtUsername</arg>
<arg>${username}</arg>
<doc>Types the given ``text`` into the text field identified by ``locator``.</doc>
<msg timestamp="20220317 17:00:04.079" level="INFO">Typing text 'varsha' into text field 'id=txtUsername'.</msg>
<status status="PASS" starttime="20220317 17:00:04.078" endtime="20220317 17:00:04.214"/>
</kw>
<kw name="Input Password" library="SeleniumLibrary">
<arg>id=txtPassword</arg>
<arg>${password}</arg>
<doc>Types the given password into the text field identified by ``locator``.</doc>
<msg timestamp="20220317 17:00:04.214" level="INFO">Typing password into text field 'id=txtPassword'.</msg>
<msg timestamp="20220317 17:00:04.272" level="INFO">Temporally setting log level to: NONE</msg>
<msg timestamp="20220317 17:00:04.322" level="INFO">Log level changed from NONE to INFO.</msg>
<status status="PASS" starttime="20220317 17:00:04.214" endtime="20220317 17:00:04.322"/>
</kw>
<kw name="Click Element" library="SeleniumLibrary">
<arg>id=btnLogin</arg>
<doc>Click the element identified by ``locator``.</doc>
<msg timestamp="20220317 17:00:04.323" level="INFO">Clicking element 'id=btnLogin'.</msg>
<status status="PASS" starttime="20220317 17:00:04.322" endtime="20220317 17:00:04.410"/>
</kw>
<kw name="Element Text Should Be" library="SeleniumLibrary">
<arg>id=spanMessage</arg>
<arg>${expected_error}</arg>
<doc>Verifies that element ``locator`` contains exact the text ``expected``.</doc>
<msg timestamp="20220317 17:00:04.411" level="INFO">Verifying element 'id=spanMessage' contains exact text 'Password cannot be empty'.</msg>
<status status="PASS" starttime="20220317 17:00:04.411" endtime="20220317 17:00:04.453"/>
</kw>
<status status="PASS" starttime="20220317 17:00:04.073" endtime="20220317 17:00:04.454"/>
</kw>
<kw name="Close Browser" library="SeleniumLibrary" type="TEARDOWN">
<doc>Closes the current browser.</doc>
<status status="PASS" starttime="20220317 17:00:04.454" endtime="20220317 17:00:06.656"/>
</kw>
<status status="PASS" starttime="20220317 16:59:56.646" endtime="20220317 17:00:06.657"/>
</test>
<doc>This suite will handles all the test cases related to invalid
credential test for orangehrm. Test case - TC_OH_3</doc>
<status status="PASS" starttime="20220317 16:59:16.347" endtime="20220317 17:00:06.660"/>
</suite>
<statistics>
<total>
<stat pass="4" fail="0" skip="0">All Tests</stat>
</total>
<tag>
</tag>
<suite>
<stat pass="4" fail="0" skip="0" id="s1" name="Verify Invalidcredential Suite">Verify Invalidcredential Suite</stat>
</suite>
</statistics>
<errors>
</errors>
</robot>
